[0m09:56:29.385216 [debug] [MainThread]: Sending event: {'category': 'dbt', 'action': 'invocation', 'label': 'start', 'context': [<snowplow_tracker.self_describing_json.SelfDescribingJson object at 0x109462cd0>, <snowplow_tracker.self_describing_json.SelfDescribingJson object at 0x1094a3c90>, <snowplow_tracker.self_describing_json.SelfDescribingJson object at 0x1094a3f90>]}


============================== 09:56:29.389038 | b54019ce-10d1-44ee-a15e-55033ca70bac ==============================
[0m09:56:29.389038 [info ] [MainThread]: Running with dbt=1.7.18
[0m09:56:29.389487 [debug] [MainThread]: running dbt with arguments {'printer_width': '80', 'indirect_selection': 'eager', 'write_json': 'True', 'log_cache_events': 'False', 'partial_parse': 'True', 'cache_selected_only': 'False', 'warn_error': 'None', 'debug': 'False', 'profiles_dir': '/Users/tizianpeer/.dbt', 'log_path': 'logs', 'fail_fast': 'False', 'version_check': 'True', 'use_colors': 'True', 'use_experimental_parser': 'False', 'no_print': 'None', 'quiet': 'False', 'log_format': 'default', 'invocation_command': 'dbt init', 'warn_error_options': 'WarnErrorOptions(include=[], exclude=[])', 'static_parser': 'True', 'target_path': 'None', 'introspect': 'True', 'send_anonymous_usage_stats': 'True'}
[0m09:56:29.389957 [warn ] [MainThread]: [ConfigFolderDirectory]: Unable to parse dict {'dir': PosixPath('/Users/tizianpeer/.dbt')}
[0m09:56:29.390198 [info ] [MainThread]: Creating dbt configuration folder at 
[0m09:56:49.762727 [debug] [MainThread]: Starter project path: /opt/anaconda3/envs/dbtenv/lib/python3.11/site-packages/dbt/include/starter_project
[0m09:56:49.775590 [info ] [MainThread]: 
Your new dbt project "airbnb_dbt" was created!

For more information on how to configure the profiles.yml file,
please consult the dbt documentation here:

  https://docs.getdbt.com/docs/configure-your-profile

One more thing:

Need help? Don't hesitate to reach out to us via GitHub issues or on Slack:

  https://community.getdbt.com/

Happy modeling!

[0m09:56:49.776255 [info ] [MainThread]: Setting up your profile.
[0m09:58:01.757331 [info ] [MainThread]: Profile airbnb_dbt written to /Users/tizianpeer/.dbt/profiles.yml using target's profile_template.yml and your supplied values. Run 'dbt debug' to validate the connection.
[0m09:58:01.766623 [debug] [MainThread]: Resource report: {"command_name": "init", "command_success": true, "command_wall_clock_time": 92.4314, "process_user_time": 1.36664, "process_kernel_time": 0.214316, "process_mem_max_rss": "119488512", "process_in_blocks": "0", "process_out_blocks": "0"}
[0m09:58:01.768061 [debug] [MainThread]: Command `dbt init` succeeded at 09:58:01.767766 after 92.43 seconds
[0m09:58:01.769029 [debug] [MainThread]: Sending event: {'category': 'dbt', 'action': 'invocation', 'label': 'end', 'context': [<snowplow_tracker.self_describing_json.SelfDescribingJson object at 0x10944e090>, <snowplow_tracker.self_describing_json.SelfDescribingJson object at 0x1094c4250>, <snowplow_tracker.self_describing_json.SelfDescribingJson object at 0x105576b90>]}
[0m09:58:01.769902 [debug] [MainThread]: Flushing usage events
[0m09:58:09.014554 [debug] [MainThread]: Sending event: {'category': 'dbt', 'action': 'invocation', 'label': 'start', 'context': [<snowplow_tracker.self_describing_json.SelfDescribingJson object at 0x106b02b90>, <snowplow_tracker.self_describing_json.SelfDescribingJson object at 0x106b63cd0>, <snowplow_tracker.self_describing_json.SelfDescribingJson object at 0x106b63f90>]}


============================== 09:58:09.018848 | 44047354-e1ef-404b-a684-17e5dbf05be6 ==============================
[0m09:58:09.018848 [info ] [MainThread]: Running with dbt=1.7.18
[0m09:58:09.019378 [debug] [MainThread]: running dbt with arguments {'printer_width': '80', 'indirect_selection': 'eager', 'log_cache_events': 'False', 'write_json': 'True', 'partial_parse': 'True', 'cache_selected_only': 'False', 'profiles_dir': '/Users/tizianpeer/.dbt', 'debug': 'False', 'warn_error': 'None', 'log_path': 'logs', 'fail_fast': 'False', 'version_check': 'True', 'use_colors': 'True', 'use_experimental_parser': 'False', 'no_print': 'None', 'quiet': 'False', 'log_format': 'default', 'introspect': 'True', 'static_parser': 'True', 'warn_error_options': 'WarnErrorOptions(include=[], exclude=[])', 'target_path': 'None', 'invocation_command': 'dbt debug', 'send_anonymous_usage_stats': 'True'}
[0m09:58:09.019949 [info ] [MainThread]: dbt version: 1.7.18
[0m09:58:09.020188 [info ] [MainThread]: python version: 3.11.9
[0m09:58:09.020417 [info ] [MainThread]: python path: /opt/anaconda3/envs/dbtenv/bin/python
[0m09:58:09.020618 [info ] [MainThread]: os info: macOS-12.7.1-arm64-arm-64bit
[0m09:58:09.195953 [info ] [MainThread]: Using profiles dir at /Users/tizianpeer/.dbt
[0m09:58:09.196320 [info ] [MainThread]: Using profiles.yml file at /Users/tizianpeer/.dbt/profiles.yml
[0m09:58:09.196545 [info ] [MainThread]: Using dbt_project.yml file at /Users/tizianpeer/dbt-project/dbt_project.yml
[0m09:58:09.196922 [info ] [MainThread]: adapter type: snowflake
[0m09:58:09.197125 [info ] [MainThread]: adapter version: 1.7.1
[0m09:58:09.197324 [info ] [MainThread]: Configuration:
[0m09:58:09.197501 [info ] [MainThread]:   profiles.yml file [[32mOK found and valid[0m]
[0m09:58:09.197682 [info ] [MainThread]:   dbt_project.yml file [[31mERROR not found[0m]
[0m09:58:09.197856 [info ] [MainThread]: Required dependencies:
[0m09:58:09.198073 [debug] [MainThread]: Executing "git --help"
[0m09:58:09.230644 [debug] [MainThread]: STDOUT: "b"usage: git [-v | --version] [-h | --help] [-C <path>] [-c <name>=<value>]\n           [--exec-path[=<path>]] [--html-path] [--man-path] [--info-path]\n           [-p | --paginate | -P | --no-pager] [--no-replace-objects] [--bare]\n           [--git-dir=<path>] [--work-tree=<path>] [--namespace=<name>]\n           [--super-prefix=<path>] [--config-env=<name>=<envvar>]\n           <command> [<args>]\n\nThese are common Git commands used in various situations:\n\nstart a working area (see also: git help tutorial)\n   clone     Clone a repository into a new directory\n   init      Create an empty Git repository or reinitialize an existing one\n\nwork on the current change (see also: git help everyday)\n   add       Add file contents to the index\n   mv        Move or rename a file, a directory, or a symlink\n   restore   Restore working tree files\n   rm        Remove files from the working tree and from the index\n\nexamine the history and state (see also: git help revisions)\n   bisect    Use binary search to find the commit that introduced a bug\n   diff      Show changes between commits, commit and working tree, etc\n   grep      Print lines matching a pattern\n   log       Show commit logs\n   show      Show various types of objects\n   status    Show the working tree status\n\ngrow, mark and tweak your common history\n   branch    List, create, or delete branches\n   commit    Record changes to the repository\n   merge     Join two or more development histories together\n   rebase    Reapply commits on top of another base tip\n   reset     Reset current HEAD to the specified state\n   switch    Switch branches\n   tag       Create, list, delete or verify a tag object signed with GPG\n\ncollaborate (see also: git help workflows)\n   fetch     Download objects and refs from another repository\n   pull      Fetch from and integrate with another repository or a local branch\n   push      Update remote refs along with associated objects\n\n'git help -a' and 'git help -g' list available subcommands and some\nconcept guides. See 'git help <command>' or 'git help <concept>'\nto read about a specific subcommand or concept.\nSee 'git help git' for an overview of the system.\n""
[0m09:58:09.231495 [debug] [MainThread]: STDERR: "b''"
[0m09:58:09.231854 [info ] [MainThread]:  - git [[32mOK found[0m]

[0m09:58:09.232090 [info ] [MainThread]: Connection:
[0m09:58:09.232380 [info ] [MainThread]:   account: jfdmlhi-dv66056
[0m09:58:09.232564 [info ] [MainThread]:   user: dbt
[0m09:58:09.232739 [info ] [MainThread]:   database: AIRBNB
[0m09:58:09.232912 [info ] [MainThread]:   warehouse: COMPUTE_WH
[0m09:58:09.233103 [info ] [MainThread]:   role: transform
[0m09:58:09.233274 [info ] [MainThread]:   schema: DEV
[0m09:58:09.233444 [info ] [MainThread]:   authenticator: None
[0m09:58:09.233617 [info ] [MainThread]:   private_key_path: None
[0m09:58:09.233794 [info ] [MainThread]:   token: None
[0m09:58:09.233961 [info ] [MainThread]:   oauth_client_id: None
[0m09:58:09.234125 [info ] [MainThread]:   query_tag: None
[0m09:58:09.234294 [info ] [MainThread]:   client_session_keep_alive: False
[0m09:58:09.234467 [info ] [MainThread]:   host: None
[0m09:58:09.234636 [info ] [MainThread]:   port: None
[0m09:58:09.234806 [info ] [MainThread]:   proxy_host: None
[0m09:58:09.234970 [info ] [MainThread]:   proxy_port: None
[0m09:58:09.235130 [info ] [MainThread]:   protocol: None
[0m09:58:09.235305 [info ] [MainThread]:   connect_retries: 1
[0m09:58:09.235467 [info ] [MainThread]:   connect_timeout: None
[0m09:58:09.235632 [info ] [MainThread]:   retry_on_database_errors: False
[0m09:58:09.235818 [info ] [MainThread]:   retry_all: False
[0m09:58:09.235980 [info ] [MainThread]:   insecure_mode: False
[0m09:58:09.236164 [info ] [MainThread]:   reuse_connections: None
[0m09:58:09.236516 [info ] [MainThread]: Registered adapter: snowflake=1.7.1
[0m09:58:09.240746 [debug] [MainThread]: Acquiring new snowflake connection 'debug'
[0m09:58:09.241842 [debug] [MainThread]: Using snowflake connection "debug"
[0m09:58:09.242061 [debug] [MainThread]: On debug: select 1 as id
[0m09:58:09.242264 [debug] [MainThread]: Opening a new connection, currently in state init
[0m09:58:10.306271 [debug] [MainThread]: SQL status: SUCCESS 1 in 1.0 seconds
[0m09:58:10.309401 [debug] [MainThread]: On debug: Close
[0m09:58:10.493741 [info ] [MainThread]:   Connection test: [[32mOK connection ok[0m]

[0m09:58:10.494597 [info ] [MainThread]: [31m1 check failed:[0m
[0m09:58:10.495107 [info ] [MainThread]: Project loading failed for the following reason:
 project path </Users/tizianpeer/dbt-project/dbt_project.yml> not found

[0m09:58:10.497917 [debug] [MainThread]: Resource report: {"command_name": "debug", "command_wall_clock_time": 1.5302391, "process_user_time": 1.482489, "process_kernel_time": 0.191909, "process_mem_max_rss": "131874816", "command_success": false, "process_in_blocks": "0", "process_out_blocks": "0"}
[0m09:58:10.498754 [debug] [MainThread]: Command `dbt debug` failed at 09:58:10.498568 after 1.53 seconds
[0m09:58:10.499223 [debug] [MainThread]: Connection 'debug' was properly closed.
[0m09:58:10.499675 [debug] [MainThread]: Sending event: {'category': 'dbt', 'action': 'invocation', 'label': 'end', 'context': [<snowplow_tracker.self_describing_json.SelfDescribingJson object at 0x1066a4750>, <snowplow_tracker.self_describing_json.SelfDescribingJson object at 0x106b89f90>, <snowplow_tracker.self_describing_json.SelfDescribingJson object at 0x102d82b90>]}
[0m09:58:10.500186 [debug] [MainThread]: Flushing usage events
